<?xml version="1.0" encoding="utf-8"?>
<coverage line-rate="1" branch-rate="0.9961" version="1.9" timestamp="1730368584" lines-covered="713" lines-valid="713" branches-covered="259" branches-valid="260">
  <sources>
    <source>C:\Users\kushal\src\mydotnet\hellolib\</source>
  </sources>
  <packages>
    <package name="hellolib" line-rate="1" branch-rate="0.9961" complexity="300">
      <classes>
        <class name="HelloLib.RomanToInteger" filename="RomanToInteger.cs" line-rate="1" branch-rate="1" complexity="21">
          <methods>
            <method name="RomanToInt" signature="(System.String)" line-rate="1" branch-rate="1" complexity="4">
              <lines>
                <line number="17" hits="3" branch="False" />
                <line number="18" hits="3" branch="False" />
                <line number="19" hits="3" branch="False" />
                <line number="20" hits="3" branch="False" />
                <line number="23" hits="36" branch="True" condition-coverage="100% (2/2)">
                  <conditions>
                    <condition number="84" type="jump" coverage="100%" />
                  </conditions>
                </line>
                <line number="24" hits="15" branch="False" />
                <line number="25" hits="15" branch="False" />
                <line number="28" hits="15" branch="True" condition-coverage="100% (2/2)">
                  <conditions>
                    <condition number="47" type="jump" coverage="100%" />
                  </conditions>
                </line>
                <line number="29" hits="3" branch="False" />
                <line number="30" hits="3" branch="False" />
                <line number="31" hits="3" branch="False" />
                <line number="33" hits="12" branch="False" />
                <line number="34" hits="12" branch="False" />
                <line number="35" hits="12" branch="False" />
                <line number="37" hits="15" branch="False" />
                <line number="38" hits="15" branch="False" />
                <line number="40" hits="3" branch="False" />
                <line number="41" hits="3" branch="False" />
              </lines>
            </method>
            <method name="IsValidRomanNumeral" signature="(System.String)" line-rate="1" branch-rate="1" complexity="16">
              <lines>
                <line number="44" hits="10" branch="False" />
                <line number="45" hits="12" branch="True" condition-coverage="100% (2/2)">
                  <conditions>
                    <condition number="9" type="jump" coverage="100%" />
                  </conditions>
                </line>
                <line number="48" hits="73" branch="True" condition-coverage="100% (2/2)">
                  <conditions>
                    <condition number="84" type="jump" coverage="100%" />
                  </conditions>
                </line>
                <line number="49" hits="25" branch="False" />
                <line number="50" hits="25" branch="True" condition-coverage="100% (2/2)">
                  <conditions>
                    <condition number="58" type="jump" coverage="100%" />
                  </conditions>
                </line>
                <line number="51" hits="1" branch="False" />
                <line number="52" hits="1" branch="False" />
                <line number="54" hits="24" branch="False" />
                <line number="57" hits="7" branch="False" />
                <line number="58" hits="106" branch="True" condition-coverage="100% (2/2)">
                  <conditions>
                    <condition number="201" type="jump" coverage="100%" />
                  </conditions>
                </line>
                <line number="59" hits="43" branch="False" />
                <line number="60" hits="43" branch="True" condition-coverage="100% (2/2)">
                  <conditions>
                    <condition number="178" type="jump" coverage="100%" />
                  </conditions>
                </line>
                <line number="61" hits="1" branch="False" />
                <line number="62" hits="1" branch="False" />
                <line number="64" hits="42" branch="False" />
                <line number="67" hits="6" branch="False" />
                <line number="68" hits="36" branch="True" condition-coverage="100% (2/2)">
                  <conditions>
                    <condition number="368" type="jump" coverage="100%" />
                  </conditions>
                </line>
                <line number="69" hits="14" branch="False" />
                <line number="70" hits="14" branch="True" condition-coverage="100% (2/2)">
                  <conditions>
                    <condition number="308" type="jump" coverage="100%" />
                  </conditions>
                </line>
                <line number="71" hits="8" branch="False" />
                <line number="72" hits="8" branch="False" />
                <line number="73" hits="8" branch="True" condition-coverage="100% (2/2)">
                  <conditions>
                    <condition number="337" type="jump" coverage="100%" />
                  </conditions>
                </line>
                <line number="74" hits="2" branch="False" />
                <line number="75" hits="2" branch="False" />
                <line number="77" hits="6" branch="False" />
                <line number="78" hits="12" branch="False" />
                <line number="80" hits="4" branch="False" />
                <line number="81" hits="10" branch="False" />
              </lines>
            </method>
            <method name=".cctor" signature="()" line-rate="1" branch-rate="1" complexity="1">
              <lines>
                <line number="5" hits="1" branch="False" />
                <line number="6" hits="1" branch="False" />
                <line number="7" hits="1" branch="False" />
                <line number="8" hits="1" branch="False" />
                <line number="9" hits="1" branch="False" />
                <line number="10" hits="1" branch="False" />
                <line number="11" hits="1" branch="False" />
                <line number="12" hits="1" branch="False" />
                <line number="13" hits="1" branch="False" />
                <line number="14" hits="1" branch="False" />
              </lines>
            </method>
          </methods>
          <lines>
            <line number="17" hits="3" branch="False" />
            <line number="18" hits="3" branch="False" />
            <line number="19" hits="3" branch="False" />
            <line number="20" hits="3" branch="False" />
            <line number="23" hits="36" branch="True" condition-coverage="100% (2/2)">
              <conditions>
                <condition number="84" type="jump" coverage="100%" />
              </conditions>
            </line>
            <line number="24" hits="15" branch="False" />
            <line number="25" hits="15" branch="False" />
            <line number="28" hits="15" branch="True" condition-coverage="100% (2/2)">
              <conditions>
                <condition number="47" type="jump" coverage="100%" />
              </conditions>
            </line>
            <line number="29" hits="3" branch="False" />
            <line number="30" hits="3" branch="False" />
            <line number="31" hits="3" branch="False" />
            <line number="33" hits="12" branch="False" />
            <line number="34" hits="12" branch="False" />
            <line number="35" hits="12" branch="False" />
            <line number="37" hits="15" branch="False" />
            <line number="38" hits="15" branch="False" />
            <line number="40" hits="3" branch="False" />
            <line number="41" hits="3" branch="False" />
            <line number="44" hits="10" branch="False" />
            <line number="45" hits="12" branch="True" condition-coverage="100% (2/2)">
              <conditions>
                <condition number="9" type="jump" coverage="100%" />
              </conditions>
            </line>
            <line number="48" hits="73" branch="True" condition-coverage="100% (2/2)">
              <conditions>
                <condition number="84" type="jump" coverage="100%" />
              </conditions>
            </line>
            <line number="49" hits="25" branch="False" />
            <line number="50" hits="25" branch="True" condition-coverage="100% (2/2)">
              <conditions>
                <condition number="58" type="jump" coverage="100%" />
              </conditions>
            </line>
            <line number="51" hits="1" branch="False" />
            <line number="52" hits="1" branch="False" />
            <line number="54" hits="24" branch="False" />
            <line number="57" hits="7" branch="False" />
            <line number="58" hits="106" branch="True" condition-coverage="100% (2/2)">
              <conditions>
                <condition number="201" type="jump" coverage="100%" />
              </conditions>
            </line>
            <line number="59" hits="43" branch="False" />
            <line number="60" hits="43" branch="True" condition-coverage="100% (2/2)">
              <conditions>
                <condition number="178" type="jump" coverage="100%" />
              </conditions>
            </line>
            <line number="61" hits="1" branch="False" />
            <line number="62" hits="1" branch="False" />
            <line number="64" hits="42" branch="False" />
            <line number="67" hits="6" branch="False" />
            <line number="68" hits="36" branch="True" condition-coverage="100% (2/2)">
              <conditions>
                <condition number="368" type="jump" coverage="100%" />
              </conditions>
            </line>
            <line number="69" hits="14" branch="False" />
            <line number="70" hits="14" branch="True" condition-coverage="100% (2/2)">
              <conditions>
                <condition number="308" type="jump" coverage="100%" />
              </conditions>
            </line>
            <line number="71" hits="8" branch="False" />
            <line number="72" hits="8" branch="False" />
            <line number="73" hits="8" branch="True" condition-coverage="100% (2/2)">
              <conditions>
                <condition number="337" type="jump" coverage="100%" />
              </conditions>
            </line>
            <line number="74" hits="2" branch="False" />
            <line number="75" hits="2" branch="False" />
            <line number="77" hits="6" branch="False" />
            <line number="78" hits="12" branch="False" />
            <line number="80" hits="4" branch="False" />
            <line number="81" hits="10" branch="False" />
            <line number="5" hits="1" branch="False" />
            <line number="6" hits="1" branch="False" />
            <line number="7" hits="1" branch="False" />
            <line number="8" hits="1" branch="False" />
            <line number="9" hits="1" branch="False" />
            <line number="10" hits="1" branch="False" />
            <line number="11" hits="1" branch="False" />
            <line number="12" hits="1" branch="False" />
            <line number="13" hits="1" branch="False" />
            <line number="14" hits="1" branch="False" />
          </lines>
        </class>
        <class name="hellolib.ListNode" filename="AddTwoNumbers.cs" line-rate="1" branch-rate="1" complexity="3">
          <methods>
            <method name="get_Val" signature="()" line-rate="1" branch-rate="1" complexity="1">
              <lines>
                <line number="5" hits="187" branch="False" />
              </lines>
            </method>
            <method name="get_Next" signature="()" line-rate="1" branch-rate="1" complexity="1">
              <lines>
                <line number="7" hits="219" branch="False" />
              </lines>
            </method>
            <method name=".ctor" signature="(System.Int32,hellolib.ListNode)" line-rate="1" branch-rate="1" complexity="1">
              <lines>
                <line number="3" hits="72" branch="False" />
              </lines>
            </method>
          </methods>
          <lines>
            <line number="5" hits="187" branch="False" />
            <line number="7" hits="219" branch="False" />
            <line number="3" hits="72" branch="False" />
          </lines>
        </class>
        <class name="hellolib.SinglyLinkedListAddTwoNumbers" filename="AddTwoNumbers.cs" line-rate="1" branch-rate="1" complexity="21">
          <methods>
            <method name="AddTwoNumbers" signature="(hellolib.ListNode,hellolib.ListNode)" line-rate="1" branch-rate="1" complexity="18">
              <lines>
                <line number="13" hits="12" branch="False" />
                <line number="14" hits="12" branch="True" condition-coverage="100% (4/4)">
                  <conditions>
                    <condition number="21" type="jump" coverage="100%" />
                    <condition number="55" type="jump" coverage="100%" />
                  </conditions>
                </line>
                <line number="15" hits="12" branch="False" />
                <line number="16" hits="36" branch="False" />
                <line number="17" hits="12" branch="False" />
                <line number="19" hits="32" branch="True" condition-coverage="100% (4/4)">
                  <conditions>
                    <condition number="231" type="jump" coverage="100%" />
                    <condition number="218" type="jump" coverage="100%" />
                  </conditions>
                </line>
                <line number="20" hits="20" branch="False" />
                <line number="21" hits="20" branch="True" condition-coverage="100% (2/2)">
                  <conditions>
                    <condition number="113" type="jump" coverage="100%" />
                  </conditions>
                </line>
                <line number="22" hits="20" branch="True" condition-coverage="100% (2/2)">
                  <conditions>
                    <condition number="127" type="jump" coverage="100%" />
                  </conditions>
                </line>
                <line number="23" hits="20" branch="False" />
                <line number="24" hits="20" branch="False" />
                <line number="25" hits="20" branch="False" />
                <line number="26" hits="20" branch="False" />
                <line number="27" hits="38" branch="True" condition-coverage="100% (2/2)">
                  <conditions>
                    <condition number="190" type="jump" coverage="100%" />
                  </conditions>
                </line>
                <line number="28" hits="38" branch="True" condition-coverage="100% (2/2)">
                  <conditions>
                    <condition number="207" type="jump" coverage="100%" />
                  </conditions>
                </line>
                <line number="29" hits="20" branch="False" />
                <line number="31" hits="12" branch="True" condition-coverage="100% (2/2)">
                  <conditions>
                    <condition number="242" type="jump" coverage="100%" />
                  </conditions>
                </line>
                <line number="32" hits="1" branch="False" />
                <line number="33" hits="1" branch="False" />
                <line number="34" hits="1" branch="False" />
                <line number="36" hits="12" branch="False" />
                <line number="37" hits="12" branch="False" />
              </lines>
            </method>
            <method name="GetIntegerFromListNode" signature="(hellolib.ListNode)" line-rate="1" branch-rate="1" complexity="2">
              <lines>
                <line number="40" hits="2" branch="False" />
                <line number="41" hits="2" branch="False" />
                <line number="42" hits="2" branch="False" />
                <line number="44" hits="5" branch="True" condition-coverage="100% (2/2)">
                  <conditions>
                    <condition number="39" type="jump" coverage="100%" />
                  </conditions>
                </line>
                <line number="45" hits="3" branch="False" />
                <line number="46" hits="3" branch="False" />
                <line number="47" hits="3" branch="False" />
                <line number="48" hits="3" branch="False" />
                <line number="49" hits="3" branch="False" />
                <line number="50" hits="2" branch="False" />
                <line number="51" hits="2" branch="False" />
                <line number="52" hits="2" branch="False" />
              </lines>
            </method>
            <method name=".ctor" signature="(Microsoft.Extensions.Logging.ILogger`1&lt;hellolib.SinglyLinkedListAddTwoNumbers&gt;)" line-rate="1" branch-rate="1" complexity="1">
              <lines>
                <line number="10" hits="15" branch="False" />
              </lines>
            </method>
          </methods>
          <lines>
            <line number="13" hits="12" branch="False" />
            <line number="14" hits="12" branch="True" condition-coverage="100% (4/4)">
              <conditions>
                <condition number="21" type="jump" coverage="100%" />
                <condition number="55" type="jump" coverage="100%" />
              </conditions>
            </line>
            <line number="15" hits="12" branch="False" />
            <line number="16" hits="36" branch="False" />
            <line number="17" hits="12" branch="False" />
            <line number="19" hits="32" branch="True" condition-coverage="100% (4/4)">
              <conditions>
                <condition number="231" type="jump" coverage="100%" />
                <condition number="218" type="jump" coverage="100%" />
              </conditions>
            </line>
            <line number="20" hits="20" branch="False" />
            <line number="21" hits="20" branch="True" condition-coverage="100% (2/2)">
              <conditions>
                <condition number="113" type="jump" coverage="100%" />
              </conditions>
            </line>
            <line number="22" hits="20" branch="True" condition-coverage="100% (2/2)">
              <conditions>
                <condition number="127" type="jump" coverage="100%" />
              </conditions>
            </line>
            <line number="23" hits="20" branch="False" />
            <line number="24" hits="20" branch="False" />
            <line number="25" hits="20" branch="False" />
            <line number="26" hits="20" branch="False" />
            <line number="27" hits="38" branch="True" condition-coverage="100% (2/2)">
              <conditions>
                <condition number="190" type="jump" coverage="100%" />
              </conditions>
            </line>
            <line number="28" hits="38" branch="True" condition-coverage="100% (2/2)">
              <conditions>
                <condition number="207" type="jump" coverage="100%" />
              </conditions>
            </line>
            <line number="29" hits="20" branch="False" />
            <line number="31" hits="12" branch="True" condition-coverage="100% (2/2)">
              <conditions>
                <condition number="242" type="jump" coverage="100%" />
              </conditions>
            </line>
            <line number="32" hits="1" branch="False" />
            <line number="33" hits="1" branch="False" />
            <line number="34" hits="1" branch="False" />
            <line number="36" hits="12" branch="False" />
            <line number="37" hits="12" branch="False" />
            <line number="40" hits="2" branch="False" />
            <line number="41" hits="2" branch="False" />
            <line number="42" hits="2" branch="False" />
            <line number="44" hits="5" branch="True" condition-coverage="100% (2/2)">
              <conditions>
                <condition number="39" type="jump" coverage="100%" />
              </conditions>
            </line>
            <line number="45" hits="3" branch="False" />
            <line number="46" hits="3" branch="False" />
            <line number="47" hits="3" branch="False" />
            <line number="48" hits="3" branch="False" />
            <line number="49" hits="3" branch="False" />
            <line number="50" hits="2" branch="False" />
            <line number="51" hits="2" branch="False" />
            <line number="52" hits="2" branch="False" />
            <line number="10" hits="15" branch="False" />
          </lines>
        </class>
        <class name="hellolib.BubbleSort" filename="BubbleSort.cs" line-rate="1" branch-rate="1" complexity="6">
          <methods>
            <method name="SortIntegers" signature="(System.Int32[])" line-rate="1" branch-rate="1" complexity="6">
              <lines>
                <line number="6" hits="8" branch="False" />
                <line number="7" hits="70" branch="True" condition-coverage="100% (2/2)">
                  <conditions>
                    <condition number="97" type="jump" coverage="100%" />
                  </conditions>
                </line>
                <line number="8" hits="27" branch="False" />
                <line number="9" hits="210" branch="True" condition-coverage="100% (2/2)">
                  <conditions>
                    <condition number="80" type="jump" coverage="100%" />
                  </conditions>
                </line>
                <line number="10" hits="78" branch="False" />
                <line number="11" hits="78" branch="True" condition-coverage="100% (2/2)">
                  <conditions>
                    <condition number="23" type="jump" coverage="100%" />
                  </conditions>
                </line>
                <line number="12" hits="10" branch="False" />
                <line number="13" hits="10" branch="False" />
                <line number="14" hits="10" branch="False" />
                <line number="15" hits="78" branch="False" />
                <line number="16" hits="27" branch="False" />
                <line number="17" hits="8" branch="False" />
              </lines>
            </method>
          </methods>
          <lines>
            <line number="6" hits="8" branch="False" />
            <line number="7" hits="70" branch="True" condition-coverage="100% (2/2)">
              <conditions>
                <condition number="97" type="jump" coverage="100%" />
              </conditions>
            </line>
            <line number="8" hits="27" branch="False" />
            <line number="9" hits="210" branch="True" condition-coverage="100% (2/2)">
              <conditions>
                <condition number="80" type="jump" coverage="100%" />
              </conditions>
            </line>
            <line number="10" hits="78" branch="False" />
            <line number="11" hits="78" branch="True" condition-coverage="100% (2/2)">
              <conditions>
                <condition number="23" type="jump" coverage="100%" />
              </conditions>
            </line>
            <line number="12" hits="10" branch="False" />
            <line number="13" hits="10" branch="False" />
            <line number="14" hits="10" branch="False" />
            <line number="15" hits="78" branch="False" />
            <line number="16" hits="27" branch="False" />
            <line number="17" hits="8" branch="False" />
          </lines>
        </class>
        <class name="hellolib.DesignDynamicArray" filename="DesignDynamicArray.cs" line-rate="1" branch-rate="1" complexity="11">
          <methods>
            <method name="Get" signature="(System.Int32)" line-rate="1" branch-rate="1" complexity="1">
              <lines>
                <line number="8" hits="1" branch="False" />
                <line number="9" hits="1" branch="False" />
                <line number="10" hits="1" branch="False" />
              </lines>
            </method>
            <method name="Set" signature="(System.Int32,System.Int32)" line-rate="1" branch-rate="1" complexity="1">
              <lines>
                <line number="13" hits="1" branch="False" />
                <line number="14" hits="1" branch="False" />
                <line number="15" hits="1" branch="False" />
              </lines>
            </method>
            <method name="PushBack" signature="(System.Int32)" line-rate="1" branch-rate="1" complexity="2">
              <lines>
                <line number="18" hits="4" branch="False" />
                <line number="19" hits="4" branch="True" condition-coverage="100% (2/2)">
                  <conditions>
                    <condition number="19" type="jump" coverage="100%" />
                  </conditions>
                </line>
                <line number="20" hits="2" branch="False" />
                <line number="21" hits="2" branch="False" />
                <line number="22" hits="2" branch="False" />
                <line number="23" hits="4" branch="False" />
                <line number="24" hits="4" branch="False" />
                <line number="25" hits="4" branch="False" />
              </lines>
            </method>
            <method name="PopBack" signature="()" line-rate="1" branch-rate="1" complexity="2">
              <lines>
                <line number="28" hits="2" branch="False" />
                <line number="29" hits="3" branch="True" condition-coverage="100% (2/2)">
                  <conditions>
                    <condition number="12" type="jump" coverage="100%" />
                  </conditions>
                </line>
                <line number="30" hits="1" branch="False" />
                <line number="31" hits="1" branch="False" />
                <line number="32" hits="1" branch="False" />
                <line number="33" hits="1" branch="False" />
                <line number="34" hits="1" branch="False" />
              </lines>
            </method>
            <method name="Resize" signature="()" line-rate="1" branch-rate="1" complexity="2">
              <lines>
                <line number="37" hits="2" branch="False" />
                <line number="38" hits="2" branch="False" />
                <line number="39" hits="2" branch="False" />
                <line number="40" hits="8" branch="True" condition-coverage="100% (2/2)">
                  <conditions>
                    <condition number="61" type="jump" coverage="100%" />
                  </conditions>
                </line>
                <line number="41" hits="2" branch="False" />
                <line number="42" hits="2" branch="False" />
                <line number="43" hits="2" branch="False" />
                <line number="44" hits="2" branch="False" />
                <line number="45" hits="2" branch="False" />
              </lines>
            </method>
            <method name="GetSize" signature="()" line-rate="1" branch-rate="1" complexity="1">
              <lines>
                <line number="48" hits="5" branch="False" />
                <line number="49" hits="5" branch="False" />
                <line number="50" hits="5" branch="False" />
              </lines>
            </method>
            <method name="GetCapacity" signature="()" line-rate="1" branch-rate="1" complexity="1">
              <lines>
                <line number="53" hits="7" branch="False" />
                <line number="54" hits="7" branch="False" />
                <line number="55" hits="7" branch="False" />
              </lines>
            </method>
            <method name=".ctor" signature="(System.Int32)" line-rate="1" branch-rate="1" complexity="1">
              <lines>
                <line number="2" hits="4" branch="False" />
                <line number="4" hits="4" branch="False" />
              </lines>
            </method>
          </methods>
          <lines>
            <line number="8" hits="1" branch="False" />
            <line number="9" hits="1" branch="False" />
            <line number="10" hits="1" branch="False" />
            <line number="13" hits="1" branch="False" />
            <line number="14" hits="1" branch="False" />
            <line number="15" hits="1" branch="False" />
            <line number="18" hits="4" branch="False" />
            <line number="19" hits="4" branch="True" condition-coverage="100% (2/2)">
              <conditions>
                <condition number="19" type="jump" coverage="100%" />
              </conditions>
            </line>
            <line number="20" hits="2" branch="False" />
            <line number="21" hits="2" branch="False" />
            <line number="22" hits="2" branch="False" />
            <line number="23" hits="4" branch="False" />
            <line number="24" hits="4" branch="False" />
            <line number="25" hits="4" branch="False" />
            <line number="28" hits="2" branch="False" />
            <line number="29" hits="3" branch="True" condition-coverage="100% (2/2)">
              <conditions>
                <condition number="12" type="jump" coverage="100%" />
              </conditions>
            </line>
            <line number="30" hits="1" branch="False" />
            <line number="31" hits="1" branch="False" />
            <line number="32" hits="1" branch="False" />
            <line number="33" hits="1" branch="False" />
            <line number="34" hits="1" branch="False" />
            <line number="37" hits="2" branch="False" />
            <line number="38" hits="2" branch="False" />
            <line number="39" hits="2" branch="False" />
            <line number="40" hits="8" branch="True" condition-coverage="100% (2/2)">
              <conditions>
                <condition number="61" type="jump" coverage="100%" />
              </conditions>
            </line>
            <line number="41" hits="2" branch="False" />
            <line number="42" hits="2" branch="False" />
            <line number="43" hits="2" branch="False" />
            <line number="44" hits="2" branch="False" />
            <line number="45" hits="2" branch="False" />
            <line number="48" hits="5" branch="False" />
            <line number="49" hits="5" branch="False" />
            <line number="50" hits="5" branch="False" />
            <line number="53" hits="7" branch="False" />
            <line number="54" hits="7" branch="False" />
            <line number="55" hits="7" branch="False" />
            <line number="2" hits="4" branch="False" />
            <line number="4" hits="4" branch="False" />
          </lines>
        </class>
        <class name="hellolib.Entity" filename="Entity.cs" line-rate="1" branch-rate="1" complexity="5">
          <methods>
            <method name="get_Guid" signature="()" line-rate="1" branch-rate="1" complexity="1">
              <lines>
                <line number="5" hits="6" branch="False" />
              </lines>
            </method>
            <method name="get_CreatedBy" signature="()" line-rate="1" branch-rate="1" complexity="1">
              <lines>
                <line number="6" hits="6" branch="False" />
              </lines>
            </method>
            <method name="get_CreatedDate" signature="()" line-rate="1" branch-rate="1" complexity="1">
              <lines>
                <line number="7" hits="6" branch="False" />
              </lines>
            </method>
            <method name="get_ModifiedBy" signature="()" line-rate="1" branch-rate="1" complexity="1">
              <lines>
                <line number="8" hits="2" branch="False" />
              </lines>
            </method>
            <method name="get_ModifiedDate" signature="()" line-rate="1" branch-rate="1" complexity="1">
              <lines>
                <line number="9" hits="2" branch="False" />
              </lines>
            </method>
          </methods>
          <lines>
            <line number="5" hits="6" branch="False" />
            <line number="6" hits="6" branch="False" />
            <line number="7" hits="6" branch="False" />
            <line number="8" hits="2" branch="False" />
            <line number="9" hits="2" branch="False" />
          </lines>
        </class>
        <class name="hellolib.FindClosestNumberToZero" filename="FindClosestNumberToZero.cs" line-rate="1" branch-rate="1" complexity="11">
          <methods>
            <method name="FindClosestNumber" signature="(System.Int32[])" line-rate="1" branch-rate="1" complexity="10">
              <lines>
                <line number="6" hits="8" branch="False" />
                <line number="7" hits="8" branch="True" condition-coverage="100% (4/4)">
                  <conditions>
                    <condition number="2" type="jump" coverage="100%" />
                    <condition number="14" type="jump" coverage="100%" />
                  </conditions>
                </line>
                <line number="8" hits="2" branch="False" />
                <line number="9" hits="2" branch="False" />
                <line number="10" hits="2" branch="False" />
                <line number="13" hits="6" branch="True" condition-coverage="100% (2/2)">
                  <conditions>
                    <condition number="56" type="jump" coverage="100%" />
                  </conditions>
                </line>
                <line number="14" hits="1" branch="False" />
                <line number="15" hits="1" branch="False" />
                <line number="16" hits="1" branch="False" />
                <line number="19" hits="5" branch="False" />
                <line number="20" hits="46" branch="True" condition-coverage="100% (2/2)">
                  <conditions>
                    <condition number="133" type="jump" coverage="100%" />
                  </conditions>
                </line>
                <line number="21" hits="18" branch="False" />
                <line number="22" hits="18" branch="False" />
                <line number="23" hits="18" branch="False" />
                <line number="25" hits="5" branch="False" />
                <line number="27" hits="5" branch="True" condition-coverage="100% (2/2)">
                  <conditions>
                    <condition number="151" type="jump" coverage="100%" />
                  </conditions>
                </line>
                <line number="28" hits="5" branch="False" />
                <line number="30" hits="5" branch="False" />
                <line number="31" hits="8" branch="False" />
              </lines>
            </method>
            <method name=".ctor" signature="(Microsoft.Extensions.Logging.ILogger`1&lt;hellolib.FindClosestNumberToZero&gt;)" line-rate="1" branch-rate="1" complexity="1">
              <lines>
                <line number="3" hits="8" branch="False" />
              </lines>
            </method>
          </methods>
          <lines>
            <line number="6" hits="8" branch="False" />
            <line number="7" hits="8" branch="True" condition-coverage="100% (4/4)">
              <conditions>
                <condition number="2" type="jump" coverage="100%" />
                <condition number="14" type="jump" coverage="100%" />
              </conditions>
            </line>
            <line number="8" hits="2" branch="False" />
            <line number="9" hits="2" branch="False" />
            <line number="10" hits="2" branch="False" />
            <line number="13" hits="6" branch="True" condition-coverage="100% (2/2)">
              <conditions>
                <condition number="56" type="jump" coverage="100%" />
              </conditions>
            </line>
            <line number="14" hits="1" branch="False" />
            <line number="15" hits="1" branch="False" />
            <line number="16" hits="1" branch="False" />
            <line number="19" hits="5" branch="False" />
            <line number="20" hits="46" branch="True" condition-coverage="100% (2/2)">
              <conditions>
                <condition number="133" type="jump" coverage="100%" />
              </conditions>
            </line>
            <line number="21" hits="18" branch="False" />
            <line number="22" hits="18" branch="False" />
            <line number="23" hits="18" branch="False" />
            <line number="25" hits="5" branch="False" />
            <line number="27" hits="5" branch="True" condition-coverage="100% (2/2)">
              <conditions>
                <condition number="151" type="jump" coverage="100%" />
              </conditions>
            </line>
            <line number="28" hits="5" branch="False" />
            <line number="30" hits="5" branch="False" />
            <line number="31" hits="8" branch="False" />
            <line number="3" hits="8" branch="False" />
          </lines>
        </class>
        <class name="hellolib.Graph" filename="Graph.cs" line-rate="1" branch-rate="1" complexity="21">
          <methods>
            <method name="AddNode" signature="(System.String)" line-rate="1" branch-rate="1" complexity="2">
              <lines>
                <line number="8" hits="31" branch="False" />
                <line number="9" hits="31" branch="True" condition-coverage="100% (2/2)">
                  <conditions>
                    <condition number="18" type="jump" coverage="100%" />
                  </conditions>
                </line>
                <line number="10" hits="31" branch="False" />
                <line number="11" hits="31" branch="False" />
                <line number="12" hits="31" branch="False" />
                <line number="13" hits="31" branch="False" />
              </lines>
            </method>
            <method name="AddEdge" signature="(System.String,System.String)" line-rate="1" branch-rate="1" complexity="4">
              <lines>
                <line number="16" hits="22" branch="False" />
                <line number="17" hits="22" branch="True" condition-coverage="100% (4/4)">
                  <conditions>
                    <condition number="13" type="jump" coverage="100%" />
                    <condition number="32" type="jump" coverage="100%" />
                  </conditions>
                </line>
                <line number="18" hits="19" branch="False" />
                <line number="19" hits="19" branch="False" />
                <line number="20" hits="19" branch="False" />
                <line number="21" hits="22" branch="False" />
              </lines>
            </method>
            <method name="Bfs" signature="(System.String)" line-rate="1" branch-rate="1" complexity="8">
              <lines>
                <line number="24" hits="9" branch="False" />
                <line number="25" hits="9" branch="True" condition-coverage="100% (2/2)">
                  <conditions>
                    <condition number="24" type="jump" coverage="100%" />
                  </conditions>
                </line>
                <line number="26" hits="2" branch="False" />
                <line number="27" hits="2" branch="False" />
                <line number="30" hits="7" branch="False" />
                <line number="31" hits="7" branch="False" />
                <line number="32" hits="7" branch="False" />
                <line number="34" hits="7" branch="False" />
                <line number="35" hits="7" branch="False" />
                <line number="37" hits="21" branch="True" condition-coverage="100% (2/2)">
                  <conditions>
                    <condition number="239" type="jump" coverage="100%" />
                  </conditions>
                </line>
                <line number="38" hits="14" branch="False" />
                <line number="39" hits="14" branch="False" />
                <line number="40" hits="14" branch="False" />
                <line number="42" hits="65" branch="True" condition-coverage="100% (4/4)">
                  <conditions>
                    <condition number="127" type="jump" coverage="100%" />
                    <condition number="208" type="jump" coverage="100%" />
                  </conditions>
                </line>
                <line number="43" hits="7" branch="False" />
                <line number="44" hits="7" branch="False" />
                <line number="45" hits="7" branch="False" />
                <line number="46" hits="7" branch="False" />
                <line number="47" hits="14" branch="False" />
                <line number="49" hits="7" branch="False" />
                <line number="50" hits="9" branch="False" />
              </lines>
            </method>
            <method name="Dfs" signature="(System.String)" line-rate="1" branch-rate="1" complexity="2">
              <lines>
                <line number="53" hits="4" branch="False" />
                <line number="54" hits="4" branch="True" condition-coverage="100% (2/2)">
                  <conditions>
                    <condition number="18" type="jump" coverage="100%" />
                  </conditions>
                </line>
                <line number="55" hits="1" branch="False" />
                <line number="56" hits="1" branch="False" />
                <line number="59" hits="3" branch="False" />
                <line number="60" hits="3" branch="False" />
                <line number="61" hits="3" branch="False" />
                <line number="62" hits="3" branch="False" />
                <line number="63" hits="4" branch="False" />
              </lines>
            </method>
            <method name="DfsRecursive" signature="(System.String,System.Collections.Generic.HashSet`1&lt;System.String&gt;,System.Collections.Generic.List`1&lt;System.String&gt;)" line-rate="1" branch-rate="1" complexity="4">
              <lines>
                <line number="66" hits="9" branch="False" />
                <line number="67" hits="9" branch="False" />
                <line number="68" hits="9" branch="False" />
                <line number="70" hits="47" branch="True" condition-coverage="100% (4/4)">
                  <conditions>
                    <condition number="55" type="jump" coverage="100%" />
                    <condition number="122" type="jump" coverage="100%" />
                  </conditions>
                </line>
                <line number="71" hits="6" branch="False" />
                <line number="72" hits="6" branch="False" />
                <line number="73" hits="6" branch="False" />
                <line number="74" hits="9" branch="False" />
              </lines>
            </method>
            <method name=".ctor" signature="()" line-rate="1" branch-rate="1" complexity="1">
              <lines>
                <line number="5" hits="13" branch="False" />
              </lines>
            </method>
          </methods>
          <lines>
            <line number="8" hits="31" branch="False" />
            <line number="9" hits="31" branch="True" condition-coverage="100% (2/2)">
              <conditions>
                <condition number="18" type="jump" coverage="100%" />
              </conditions>
            </line>
            <line number="10" hits="31" branch="False" />
            <line number="11" hits="31" branch="False" />
            <line number="12" hits="31" branch="False" />
            <line number="13" hits="31" branch="False" />
            <line number="16" hits="22" branch="False" />
            <line number="17" hits="22" branch="True" condition-coverage="100% (4/4)">
              <conditions>
                <condition number="13" type="jump" coverage="100%" />
                <condition number="32" type="jump" coverage="100%" />
              </conditions>
            </line>
            <line number="18" hits="19" branch="False" />
            <line number="19" hits="19" branch="False" />
            <line number="20" hits="19" branch="False" />
            <line number="21" hits="22" branch="False" />
            <line number="24" hits="9" branch="False" />
            <line number="25" hits="9" branch="True" condition-coverage="100% (2/2)">
              <conditions>
                <condition number="24" type="jump" coverage="100%" />
              </conditions>
            </line>
            <line number="26" hits="2" branch="False" />
            <line number="27" hits="2" branch="False" />
            <line number="30" hits="7" branch="False" />
            <line number="31" hits="7" branch="False" />
            <line number="32" hits="7" branch="False" />
            <line number="34" hits="7" branch="False" />
            <line number="35" hits="7" branch="False" />
            <line number="37" hits="21" branch="True" condition-coverage="100% (2/2)">
              <conditions>
                <condition number="239" type="jump" coverage="100%" />
              </conditions>
            </line>
            <line number="38" hits="14" branch="False" />
            <line number="39" hits="14" branch="False" />
            <line number="40" hits="14" branch="False" />
            <line number="42" hits="65" branch="True" condition-coverage="100% (4/4)">
              <conditions>
                <condition number="127" type="jump" coverage="100%" />
                <condition number="208" type="jump" coverage="100%" />
              </conditions>
            </line>
            <line number="43" hits="7" branch="False" />
            <line number="44" hits="7" branch="False" />
            <line number="45" hits="7" branch="False" />
            <line number="46" hits="7" branch="False" />
            <line number="47" hits="14" branch="False" />
            <line number="49" hits="7" branch="False" />
            <line number="50" hits="9" branch="False" />
            <line number="53" hits="4" branch="False" />
            <line number="54" hits="4" branch="True" condition-coverage="100% (2/2)">
              <conditions>
                <condition number="18" type="jump" coverage="100%" />
              </conditions>
            </line>
            <line number="55" hits="1" branch="False" />
            <line number="56" hits="1" branch="False" />
            <line number="59" hits="3" branch="False" />
            <line number="60" hits="3" branch="False" />
            <line number="61" hits="3" branch="False" />
            <line number="62" hits="3" branch="False" />
            <line number="63" hits="4" branch="False" />
            <line number="66" hits="9" branch="False" />
            <line number="67" hits="9" branch="False" />
            <line number="68" hits="9" branch="False" />
            <line number="70" hits="47" branch="True" condition-coverage="100% (4/4)">
              <conditions>
                <condition number="55" type="jump" coverage="100%" />
                <condition number="122" type="jump" coverage="100%" />
              </conditions>
            </line>
            <line number="71" hits="6" branch="False" />
            <line number="72" hits="6" branch="False" />
            <line number="73" hits="6" branch="False" />
            <line number="74" hits="9" branch="False" />
            <line number="5" hits="13" branch="False" />
          </lines>
        </class>
        <class name="hellolib.MergeSort" filename="MergeSort.cs" line-rate="1" branch-rate="1" complexity="10">
          <methods>
            <method name="SortIntegers" signature="(System.Int32[])" line-rate="1" branch-rate="1" complexity="2">
              <lines>
                <line number="6" hits="21" branch="False" />
                <line number="7" hits="34" branch="True" condition-coverage="100% (2/2)">
                  <conditions>
                    <condition number="14" type="jump" coverage="100%" />
                  </conditions>
                </line>
                <line number="8" hits="8" branch="False" />
                <line number="9" hits="8" branch="False" />
                <line number="10" hits="8" branch="False" />
                <line number="11" hits="8" branch="False" />
                <line number="13" hits="8" branch="False" />
                <line number="14" hits="8" branch="False" />
                <line number="16" hits="8" branch="False" />
                <line number="17" hits="8" branch="False" />
                <line number="19" hits="8" branch="False" />
                <line number="20" hits="21" branch="False" />
              </lines>
            </method>
            <method name="Merges" signature="(System.Int32[],System.Int32[],System.Int32[])" line-rate="1" branch-rate="1" complexity="8">
              <lines>
                <line number="23" hits="8" branch="False" />
                <line number="24" hits="8" branch="False" />
                <line number="25" hits="8" branch="False" />
                <line number="26" hits="8" branch="False" />
                <line number="27" hits="8" branch="False" />
                <line number="29" hits="28" branch="True" condition-coverage="100% (2/2)">
                  <conditions>
                    <condition number="143" type="jump" coverage="100%" />
                  </conditions>
                </line>
                <line number="30" hits="20" branch="False" />
                <line number="31" hits="20" branch="True" condition-coverage="100% (2/2)">
                  <conditions>
                    <condition number="31" type="jump" coverage="100%" />
                  </conditions>
                </line>
                <line number="32" hits="8" branch="False" />
                <line number="33" hits="8" branch="False" />
                <line number="34" hits="8" branch="False" />
                <line number="36" hits="12" branch="True" condition-coverage="100% (2/2)">
                  <conditions>
                    <condition number="60" type="jump" coverage="100%" />
                  </conditions>
                </line>
                <line number="37" hits="2" branch="False" />
                <line number="38" hits="2" branch="False" />
                <line number="39" hits="2" branch="False" />
                <line number="41" hits="10" branch="True" condition-coverage="100% (2/2)">
                  <conditions>
                    <condition number="98" type="jump" coverage="100%" />
                  </conditions>
                </line>
                <line number="42" hits="7" branch="False" />
                <line number="43" hits="7" branch="False" />
                <line number="44" hits="7" branch="False" />
                <line number="47" hits="3" branch="False" />
                <line number="48" hits="3" branch="False" />
                <line number="49" hits="3" branch="False" />
                <line number="51" hits="20" branch="False" />
                <line number="52" hits="20" branch="False" />
                <line number="53" hits="20" branch="False" />
                <line number="54" hits="8" branch="False" />
              </lines>
            </method>
          </methods>
          <lines>
            <line number="6" hits="21" branch="False" />
            <line number="7" hits="34" branch="True" condition-coverage="100% (2/2)">
              <conditions>
                <condition number="14" type="jump" coverage="100%" />
              </conditions>
            </line>
            <line number="8" hits="8" branch="False" />
            <line number="9" hits="8" branch="False" />
            <line number="10" hits="8" branch="False" />
            <line number="11" hits="8" branch="False" />
            <line number="13" hits="8" branch="False" />
            <line number="14" hits="8" branch="False" />
            <line number="16" hits="8" branch="False" />
            <line number="17" hits="8" branch="False" />
            <line number="19" hits="8" branch="False" />
            <line number="20" hits="21" branch="False" />
            <line number="23" hits="8" branch="False" />
            <line number="24" hits="8" branch="False" />
            <line number="25" hits="8" branch="False" />
            <line number="26" hits="8" branch="False" />
            <line number="27" hits="8" branch="False" />
            <line number="29" hits="28" branch="True" condition-coverage="100% (2/2)">
              <conditions>
                <condition number="143" type="jump" coverage="100%" />
              </conditions>
            </line>
            <line number="30" hits="20" branch="False" />
            <line number="31" hits="20" branch="True" condition-coverage="100% (2/2)">
              <conditions>
                <condition number="31" type="jump" coverage="100%" />
              </conditions>
            </line>
            <line number="32" hits="8" branch="False" />
            <line number="33" hits="8" branch="False" />
            <line number="34" hits="8" branch="False" />
            <line number="36" hits="12" branch="True" condition-coverage="100% (2/2)">
              <conditions>
                <condition number="60" type="jump" coverage="100%" />
              </conditions>
            </line>
            <line number="37" hits="2" branch="False" />
            <line number="38" hits="2" branch="False" />
            <line number="39" hits="2" branch="False" />
            <line number="41" hits="10" branch="True" condition-coverage="100% (2/2)">
              <conditions>
                <condition number="98" type="jump" coverage="100%" />
              </conditions>
            </line>
            <line number="42" hits="7" branch="False" />
            <line number="43" hits="7" branch="False" />
            <line number="44" hits="7" branch="False" />
            <line number="47" hits="3" branch="False" />
            <line number="48" hits="3" branch="False" />
            <line number="49" hits="3" branch="False" />
            <line number="51" hits="20" branch="False" />
            <line number="52" hits="20" branch="False" />
            <line number="53" hits="20" branch="False" />
            <line number="54" hits="8" branch="False" />
          </lines>
        </class>
        <class name="hellolib.MergeSortedArray" filename="MergeSortedArray.cs" line-rate="1" branch-rate="1" complexity="9">
          <methods>
            <method name="Merge" signature="(System.Int32[],System.Int32,System.Int32[],System.Int32)" line-rate="1" branch-rate="1" complexity="8">
              <lines>
                <line number="6" hits="5" branch="False" />
                <line number="7" hits="5" branch="False" />
                <line number="8" hits="5" branch="False" />
                <line number="9" hits="5" branch="False" />
                <line number="12" hits="102" branch="True" condition-coverage="100% (4/4)">
                  <conditions>
                    <condition number="81" type="jump" coverage="100%" />
                    <condition number="65" type="jump" coverage="100%" />
                  </conditions>
                </line>
                <line number="13" hits="97" branch="False" />
                <line number="14" hits="97" branch="True" condition-coverage="100% (2/2)">
                  <conditions>
                    <condition number="30" type="jump" coverage="100%" />
                  </conditions>
                </line>
                <line number="15" hits="46" branch="False" />
                <line number="16" hits="46" branch="False" />
                <line number="17" hits="46" branch="False" />
                <line number="18" hits="46" branch="False" />
                <line number="20" hits="51" branch="False" />
                <line number="21" hits="51" branch="False" />
                <line number="22" hits="51" branch="False" />
                <line number="23" hits="51" branch="False" />
                <line number="24" hits="97" branch="False" />
                <line number="25" hits="97" branch="False" />
                <line number="28" hits="6" branch="True" condition-coverage="100% (2/2)">
                  <conditions>
                    <condition number="112" type="jump" coverage="100%" />
                  </conditions>
                </line>
                <line number="29" hits="1" branch="False" />
                <line number="30" hits="1" branch="False" />
                <line number="31" hits="1" branch="False" />
                <line number="32" hits="1" branch="False" />
                <line number="33" hits="1" branch="False" />
                <line number="36" hits="5" branch="False" />
                <line number="37" hits="5" branch="False" />
              </lines>
            </method>
            <method name=".ctor" signature="(Microsoft.Extensions.Logging.ILogger`1&lt;hellolib.MergeSortedArray&gt;)" line-rate="1" branch-rate="1" complexity="1">
              <lines>
                <line number="3" hits="5" branch="False" />
              </lines>
            </method>
          </methods>
          <lines>
            <line number="6" hits="5" branch="False" />
            <line number="7" hits="5" branch="False" />
            <line number="8" hits="5" branch="False" />
            <line number="9" hits="5" branch="False" />
            <line number="12" hits="102" branch="True" condition-coverage="100% (4/4)">
              <conditions>
                <condition number="81" type="jump" coverage="100%" />
                <condition number="65" type="jump" coverage="100%" />
              </conditions>
            </line>
            <line number="13" hits="97" branch="False" />
            <line number="14" hits="97" branch="True" condition-coverage="100% (2/2)">
              <conditions>
                <condition number="30" type="jump" coverage="100%" />
              </conditions>
            </line>
            <line number="15" hits="46" branch="False" />
            <line number="16" hits="46" branch="False" />
            <line number="17" hits="46" branch="False" />
            <line number="18" hits="46" branch="False" />
            <line number="20" hits="51" branch="False" />
            <line number="21" hits="51" branch="False" />
            <line number="22" hits="51" branch="False" />
            <line number="23" hits="51" branch="False" />
            <line number="24" hits="97" branch="False" />
            <line number="25" hits="97" branch="False" />
            <line number="28" hits="6" branch="True" condition-coverage="100% (2/2)">
              <conditions>
                <condition number="112" type="jump" coverage="100%" />
              </conditions>
            </line>
            <line number="29" hits="1" branch="False" />
            <line number="30" hits="1" branch="False" />
            <line number="31" hits="1" branch="False" />
            <line number="32" hits="1" branch="False" />
            <line number="33" hits="1" branch="False" />
            <line number="36" hits="5" branch="False" />
            <line number="37" hits="5" branch="False" />
            <line number="3" hits="5" branch="False" />
          </lines>
        </class>
        <class name="hellolib.MergeStringsAlternately" filename="MergeStringsAlternately.cs" line-rate="1" branch-rate="1" complexity="7">
          <methods>
            <method name="MergeAlternately" signature="(System.String,System.String)" line-rate="1" branch-rate="1" complexity="6">
              <lines>
                <line number="8" hits="7" branch="False" />
                <line number="9" hits="7" branch="False" />
                <line number="10" hits="7" branch="False" />
                <line number="11" hits="7" branch="False" />
                <line number="12" hits="7" branch="False" />
                <line number="15" hits="32" branch="True" condition-coverage="100% (2/2)">
                  <conditions>
                    <condition number="81" type="jump" coverage="100%" />
                  </conditions>
                </line>
                <line number="16" hits="9" branch="False" />
                <line number="17" hits="9" branch="False" />
                <line number="18" hits="9" branch="False" />
                <line number="19" hits="9" branch="False" />
                <line number="22" hits="7" branch="True" condition-coverage="100% (2/2)">
                  <conditions>
                    <condition number="91" type="jump" coverage="100%" />
                  </conditions>
                </line>
                <line number="23" hits="3" branch="False" />
                <line number="24" hits="3" branch="False" />
                <line number="25" hits="3" branch="False" />
                <line number="26" hits="4" branch="True" condition-coverage="100% (2/2)">
                  <conditions>
                    <condition number="119" type="jump" coverage="100%" />
                  </conditions>
                </line>
                <line number="27" hits="2" branch="False" />
                <line number="28" hits="2" branch="False" />
                <line number="29" hits="2" branch="False" />
                <line number="30" hits="7" branch="False" />
                <line number="31" hits="7" branch="False" />
                <line number="32" hits="7" branch="False" />
              </lines>
            </method>
            <method name=".ctor" signature="(Microsoft.Extensions.Logging.ILogger`1&lt;hellolib.MergeStringsAlternately&gt;)" line-rate="1" branch-rate="1" complexity="1">
              <lines>
                <line number="5" hits="7" branch="False" />
              </lines>
            </method>
          </methods>
          <lines>
            <line number="8" hits="7" branch="False" />
            <line number="9" hits="7" branch="False" />
            <line number="10" hits="7" branch="False" />
            <line number="11" hits="7" branch="False" />
            <line number="12" hits="7" branch="False" />
            <line number="15" hits="32" branch="True" condition-coverage="100% (2/2)">
              <conditions>
                <condition number="81" type="jump" coverage="100%" />
              </conditions>
            </line>
            <line number="16" hits="9" branch="False" />
            <line number="17" hits="9" branch="False" />
            <line number="18" hits="9" branch="False" />
            <line number="19" hits="9" branch="False" />
            <line number="22" hits="7" branch="True" condition-coverage="100% (2/2)">
              <conditions>
                <condition number="91" type="jump" coverage="100%" />
              </conditions>
            </line>
            <line number="23" hits="3" branch="False" />
            <line number="24" hits="3" branch="False" />
            <line number="25" hits="3" branch="False" />
            <line number="26" hits="4" branch="True" condition-coverage="100% (2/2)">
              <conditions>
                <condition number="119" type="jump" coverage="100%" />
              </conditions>
            </line>
            <line number="27" hits="2" branch="False" />
            <line number="28" hits="2" branch="False" />
            <line number="29" hits="2" branch="False" />
            <line number="30" hits="7" branch="False" />
            <line number="31" hits="7" branch="False" />
            <line number="32" hits="7" branch="False" />
            <line number="5" hits="7" branch="False" />
          </lines>
        </class>
        <class name="hellolib.MinimumCoin" filename="MinimumCoin.cs" line-rate="1" branch-rate="1" complexity="19">
          <methods>
            <method name="get_CoinSet" signature="()" line-rate="1" branch-rate="1" complexity="1">
              <lines>
                <line number="5" hits="81" branch="False" />
              </lines>
            </method>
            <method name="get_RepeatFactor" signature="()" line-rate="1" branch-rate="1" complexity="1">
              <lines>
                <line number="6" hits="48" branch="False" />
              </lines>
            </method>
            <method name="SubSetsOf" signature="(System.Collections.Generic.IEnumerable`1&lt;T&gt;)" line-rate="1" branch-rate="1" complexity="2">
              <lines>
                <line number="9" hits="92" branch="False" />
                <line number="10" hits="92" branch="False" />
                <line number="12" hits="92" branch="True" condition-coverage="100% (2/2)">
                  <conditions>
                    <condition number="27" type="jump" coverage="100%" />
                  </conditions>
                </line>
                <line number="13" hits="5" branch="False" />
                <line number="14" hits="5" branch="False" />
                <line number="17" hits="87" branch="False" />
                <line number="19" hits="87" branch="False" />
                <line number="20" hits="87" branch="False" />
                <line number="21" hits="3408466" branch="False" />
                <line number="23" hits="87" branch="False" />
                <line number="24" hits="92" branch="False" />
              </lines>
            </method>
            <method name="GetCountInternal" signature="(System.Int32,System.Collections.Generic.List`1&lt;System.Int32&gt;)" line-rate="1" branch-rate="1" complexity="6">
              <lines>
                <line number="28" hits="5" branch="False" />
                <line number="29" hits="5" branch="False" />
                <line number="30" hits="5" branch="False" />
                <line number="31" hits="6816783" branch="True" condition-coverage="100% (2/2)">
                  <conditions>
                    <condition number="90" type="jump" coverage="100%" />
                  </conditions>
                </line>
                <line number="32" hits="3408384" branch="False" />
                <line number="33" hits="3408384" branch="False" />
                <line number="34" hits="3408384" branch="False" />
                <line number="35" hits="3408384" branch="True" condition-coverage="100% (4/4)">
                  <conditions>
                    <condition number="52" type="jump" coverage="100%" />
                    <condition number="71" type="jump" coverage="100%" />
                  </conditions>
                </line>
                <line number="36" hits="7" branch="False" />
                <line number="37" hits="7" branch="False" />
                <line number="38" hits="7" branch="False" />
                <line number="39" hits="3408384" branch="False" />
                <line number="40" hits="5" branch="False" />
                <line number="41" hits="5" branch="False" />
              </lines>
            </method>
            <method name="GetCount" signature="(System.Int32)" line-rate="1" branch-rate="1" complexity="8">
              <lines>
                <line number="44" hits="9" branch="False" />
                <line number="45" hits="9" branch="True" condition-coverage="100% (2/2)">
                  <conditions>
                    <condition number="15" type="jump" coverage="100%" />
                  </conditions>
                </line>
                <line number="46" hits="2" branch="False" />
                <line number="47" hits="2" branch="False" />
                <line number="50" hits="7" branch="True" condition-coverage="100% (2/2)">
                  <conditions>
                    <condition number="41" type="jump" coverage="100%" />
                  </conditions>
                </line>
                <line number="51" hits="2" branch="False" />
                <line number="52" hits="2" branch="False" />
                <line number="55" hits="5" branch="False" />
                <line number="56" hits="58" branch="True" condition-coverage="100% (2/2)">
                  <conditions>
                    <condition number="143" type="jump" coverage="100%" />
                  </conditions>
                </line>
                <line number="57" hits="24" branch="False" />
                <line number="58" hits="246" branch="True" condition-coverage="100% (2/2)">
                  <conditions>
                    <condition number="103" type="jump" coverage="100%" />
                  </conditions>
                </line>
                <line number="59" hits="87" branch="False" />
                <line number="60" hits="87" branch="False" />
                <line number="61" hits="87" branch="False" />
                <line number="62" hits="24" branch="False" />
                <line number="63" hits="5" branch="False" />
                <line number="64" hits="9" branch="False" />
              </lines>
            </method>
            <method name=".ctor" signature="(System.Collections.Generic.List`1&lt;System.Int32&gt;,System.Int32)" line-rate="1" branch-rate="1" complexity="1">
              <lines>
                <line number="3" hits="19" branch="False" />
              </lines>
            </method>
          </methods>
          <lines>
            <line number="5" hits="81" branch="False" />
            <line number="6" hits="48" branch="False" />
            <line number="9" hits="92" branch="False" />
            <line number="10" hits="92" branch="False" />
            <line number="12" hits="92" branch="True" condition-coverage="100% (2/2)">
              <conditions>
                <condition number="27" type="jump" coverage="100%" />
              </conditions>
            </line>
            <line number="13" hits="5" branch="False" />
            <line number="14" hits="5" branch="False" />
            <line number="17" hits="87" branch="False" />
            <line number="19" hits="87" branch="False" />
            <line number="20" hits="87" branch="False" />
            <line number="21" hits="3408466" branch="False" />
            <line number="23" hits="87" branch="False" />
            <line number="24" hits="92" branch="False" />
            <line number="28" hits="5" branch="False" />
            <line number="29" hits="5" branch="False" />
            <line number="30" hits="5" branch="False" />
            <line number="31" hits="6816783" branch="True" condition-coverage="100% (2/2)">
              <conditions>
                <condition number="90" type="jump" coverage="100%" />
              </conditions>
            </line>
            <line number="32" hits="3408384" branch="False" />
            <line number="33" hits="3408384" branch="False" />
            <line number="34" hits="3408384" branch="False" />
            <line number="35" hits="3408384" branch="True" condition-coverage="100% (4/4)">
              <conditions>
                <condition number="52" type="jump" coverage="100%" />
                <condition number="71" type="jump" coverage="100%" />
              </conditions>
            </line>
            <line number="36" hits="7" branch="False" />
            <line number="37" hits="7" branch="False" />
            <line number="38" hits="7" branch="False" />
            <line number="39" hits="3408384" branch="False" />
            <line number="40" hits="5" branch="False" />
            <line number="41" hits="5" branch="False" />
            <line number="44" hits="9" branch="False" />
            <line number="45" hits="9" branch="True" condition-coverage="100% (2/2)">
              <conditions>
                <condition number="15" type="jump" coverage="100%" />
              </conditions>
            </line>
            <line number="46" hits="2" branch="False" />
            <line number="47" hits="2" branch="False" />
            <line number="50" hits="7" branch="True" condition-coverage="100% (2/2)">
              <conditions>
                <condition number="41" type="jump" coverage="100%" />
              </conditions>
            </line>
            <line number="51" hits="2" branch="False" />
            <line number="52" hits="2" branch="False" />
            <line number="55" hits="5" branch="False" />
            <line number="56" hits="58" branch="True" condition-coverage="100% (2/2)">
              <conditions>
                <condition number="143" type="jump" coverage="100%" />
              </conditions>
            </line>
            <line number="57" hits="24" branch="False" />
            <line number="58" hits="246" branch="True" condition-coverage="100% (2/2)">
              <conditions>
                <condition number="103" type="jump" coverage="100%" />
              </conditions>
            </line>
            <line number="59" hits="87" branch="False" />
            <line number="60" hits="87" branch="False" />
            <line number="61" hits="87" branch="False" />
            <line number="62" hits="24" branch="False" />
            <line number="63" hits="5" branch="False" />
            <line number="64" hits="9" branch="False" />
            <line number="3" hits="19" branch="False" />
          </lines>
        </class>
        <class name="hellolib.MyCleaner" filename="MyCleaner.cs" line-rate="1" branch-rate="1" complexity="16">
          <methods>
            <method name="RemoveQueryParameters" signature="(System.String)" line-rate="1" branch-rate="1" complexity="1">
              <lines>
                <line number="38" hits="27" branch="False" />
                <line number="39" hits="27" branch="False" />
                <line number="40" hits="25" branch="False" />
                <line number="41" hits="25" branch="False" />
              </lines>
            </method>
            <method name="ExtractFromAddress" signature="(System.String)" line-rate="1" branch-rate="1" complexity="8">
              <lines>
                <line number="68" hits="29" branch="False" />
                <line number="69" hits="29" branch="False" />
                <line number="70" hits="29" branch="False" />
                <line number="72" hits="29" branch="False" />
                <line number="73" hits="29" branch="True" condition-coverage="100% (2/2)">
                  <conditions>
                    <condition number="40" type="jump" coverage="100%" />
                  </conditions>
                </line>
                <line number="74" hits="6" branch="False" />
                <line number="75" hits="6" branch="False" />
                <line number="78" hits="23" branch="False" />
                <line number="79" hits="23" branch="True" condition-coverage="100% (2/2)">
                  <conditions>
                    <condition number="73" type="jump" coverage="100%" />
                  </conditions>
                </line>
                <line number="80" hits="2" branch="False" />
                <line number="81" hits="2" branch="False" />
                <line number="84" hits="21" branch="False" />
                <line number="85" hits="21" branch="True" condition-coverage="100% (2/2)">
                  <conditions>
                    <condition number="108" type="jump" coverage="100%" />
                  </conditions>
                </line>
                <line number="86" hits="4" branch="False" />
                <line number="87" hits="4" branch="False" />
                <line number="88" hits="4" branch="False" />
                <line number="89" hits="4" branch="True" condition-coverage="100% (2/2)">
                  <conditions>
                    <condition number="158" type="jump" coverage="100%" />
                  </conditions>
                </line>
                <line number="90" hits="2" branch="False" />
                <line number="91" hits="2" branch="False" />
                <line number="93" hits="2" branch="False" />
                <line number="95" hits="19" branch="False" />
                <line number="96" hits="29" branch="False" />
              </lines>
            </method>
            <method name="RemoveAmazonExtraPathSegments" signature="(System.String)" line-rate="1" branch-rate="1" complexity="6">
              <lines>
                <line number="99" hits="3" branch="False" />
                <line number="100" hits="3" branch="False" />
                <line number="101" hits="3" branch="False" />
                <line number="102" hits="3" branch="True" condition-coverage="100% (6/6)">
                  <conditions>
                    <condition number="19" type="jump" coverage="100%" />
                    <condition number="41" type="jump" coverage="100%" />
                    <condition number="68" type="jump" coverage="100%" />
                  </conditions>
                </line>
                <line number="103" hits="2" branch="False" />
                <line number="104" hits="2" branch="False" />
                <line number="106" hits="1" branch="False" />
                <line number="107" hits="3" branch="False" />
              </lines>
            </method>
            <method name=".ctor" signature="(Microsoft.Extensions.Logging.ILogger`1&lt;hellolib.MyCleaner&gt;,System.Net.Http.HttpClient)" line-rate="1" branch-rate="1" complexity="1">
              <lines>
                <line number="6" hits="40" branch="False" />
              </lines>
            </method>
          </methods>
          <lines>
            <line number="38" hits="27" branch="False" />
            <line number="39" hits="27" branch="False" />
            <line number="40" hits="25" branch="False" />
            <line number="41" hits="25" branch="False" />
            <line number="68" hits="29" branch="False" />
            <line number="69" hits="29" branch="False" />
            <line number="70" hits="29" branch="False" />
            <line number="72" hits="29" branch="False" />
            <line number="73" hits="29" branch="True" condition-coverage="100% (2/2)">
              <conditions>
                <condition number="40" type="jump" coverage="100%" />
              </conditions>
            </line>
            <line number="74" hits="6" branch="False" />
            <line number="75" hits="6" branch="False" />
            <line number="78" hits="23" branch="False" />
            <line number="79" hits="23" branch="True" condition-coverage="100% (2/2)">
              <conditions>
                <condition number="73" type="jump" coverage="100%" />
              </conditions>
            </line>
            <line number="80" hits="2" branch="False" />
            <line number="81" hits="2" branch="False" />
            <line number="84" hits="21" branch="False" />
            <line number="85" hits="21" branch="True" condition-coverage="100% (2/2)">
              <conditions>
                <condition number="108" type="jump" coverage="100%" />
              </conditions>
            </line>
            <line number="86" hits="4" branch="False" />
            <line number="87" hits="4" branch="False" />
            <line number="88" hits="4" branch="False" />
            <line number="89" hits="4" branch="True" condition-coverage="100% (2/2)">
              <conditions>
                <condition number="158" type="jump" coverage="100%" />
              </conditions>
            </line>
            <line number="90" hits="2" branch="False" />
            <line number="91" hits="2" branch="False" />
            <line number="93" hits="2" branch="False" />
            <line number="95" hits="19" branch="False" />
            <line number="96" hits="29" branch="False" />
            <line number="99" hits="3" branch="False" />
            <line number="100" hits="3" branch="False" />
            <line number="101" hits="3" branch="False" />
[...]
            <line number="25" hits="31" branch="False" />
            <line number="26" hits="31" branch="False" />
            <line number="27" hits="31" branch="False" />
            <line number="28" hits="31" branch="False" />
            <line number="29" hits="31" branch="False" />
            <line number="30" hits="31" branch="False" />
            <line number="31" hits="31" branch="False" />
            <line number="32" hits="31" branch="False" />
            <line number="35" hits="38" branch="False" />
            <line number="36" hits="38" branch="False" />
            <line number="37" hits="38" branch="False" />
            <line number="38" hits="38" branch="False" />
            <line number="39" hits="38" branch="False" />
            <line number="40" hits="38" branch="False" />
            <line number="42" hits="38" branch="True" condition-coverage="100% (2/2)">
              <conditions>
                <condition number="39" type="jump" coverage="100%" />
              </conditions>
            </line>
            <line number="43" hits="10" branch="False" />
            <line number="44" hits="10" branch="False" />
            <line number="45" hits="10" branch="False" />
            <line number="47" hits="28" branch="False" />
            <line number="48" hits="28" branch="False" />
            <line number="49" hits="39" branch="True" condition-coverage="100% (2/2)">
              <conditions>
                <condition number="82" type="jump" coverage="100%" />
              </conditions>
            </line>
            <line number="50" hits="11" branch="False" />
            <line number="51" hits="11" branch="False" />
            <line number="52" hits="11" branch="False" />
            <line number="53" hits="28" branch="False" />
            <line number="54" hits="28" branch="False" />
            <line number="55" hits="38" branch="False" />
            <line number="58" hits="23" branch="False" />
            <line number="59" hits="24" branch="True" condition-coverage="100% (2/2)">
              <conditions>
                <condition number="7" type="jump" coverage="100%" />
              </conditions>
            </line>
            <line number="61" hits="22" branch="True" condition-coverage="100% (2/2)">
              <conditions>
                <condition number="22" type="jump" coverage="100%" />
              </conditions>
            </line>
            <line number="62" hits="6" branch="False" />
            <line number="63" hits="7" branch="True" condition-coverage="100% (2/2)">
              <conditions>
                <condition number="38" type="jump" coverage="100%" />
              </conditions>
            </line>
            <line number="64" hits="5" branch="False" />
            <line number="65" hits="5" branch="False" />
            <line number="68" hits="16" branch="False" />
            <line number="69" hits="50" branch="True" condition-coverage="100% (2/2)">
              <conditions>
                <condition number="132" type="jump" coverage="100%" />
              </conditions>
            </line>
            <line number="70" hits="15" branch="False" />
            <line number="71" hits="15" branch="True" condition-coverage="75% (3/4)">
              <conditions>
                <condition number="82" type="jump" coverage="50%" />
                <condition number="100" type="jump" coverage="100%" />
              </conditions>
            </line>
            <line number="72" hits="6" branch="False" />
            <line number="73" hits="6" branch="False" />
            <line number="76" hits="9" branch="False" />
            <line number="77" hits="9" branch="False" />
            <line number="79" hits="13" branch="True" condition-coverage="100% (2/2)">
              <conditions>
                <condition number="147" type="jump" coverage="100%" />
              </conditions>
            </line>
            <line number="80" hits="7" branch="False" />
            <line number="81" hits="7" branch="False" />
            <line number="82" hits="23" branch="False" />
            <line number="85" hits="23" branch="False" />
            <line number="86" hits="23" branch="False" />
            <line number="87" hits="23" branch="False" />
            <line number="88" hits="55" branch="True" condition-coverage="100% (2/2)">
              <conditions>
                <condition number="52" type="jump" coverage="100%" />
              </conditions>
            </line>
            <line number="89" hits="32" branch="False" />
            <line number="90" hits="32" branch="False" />
            <line number="91" hits="32" branch="False" />
            <line number="92" hits="32" branch="False" />
            <line number="93" hits="23" branch="False" />
            <line number="94" hits="23" branch="False" />
          </lines>
        </class>
        <class name="hellolib.TwoSum" filename="TwoSum.cs" line-rate="1" branch-rate="1" complexity="22">
          <methods>
            <method name="GetTwoSumNaive" signature="(System.Int32[],System.Int32)" line-rate="1" branch-rate="1" complexity="8">
              <lines>
                <line number="6" hits="5" branch="False" />
                <line number="7" hits="18" branch="True" condition-coverage="100% (2/2)">
                  <conditions>
                    <condition number="82" type="jump" coverage="100%" />
                  </conditions>
                </line>
                <line number="8" hits="7" branch="False" />
                <line number="9" hits="76" branch="True" condition-coverage="100% (2/2)">
                  <conditions>
                    <condition number="65" type="jump" coverage="100%" />
                  </conditions>
                </line>
                <line number="10" hits="34" branch="False" />
                <line number="11" hits="34" branch="True" condition-coverage="100% (4/4)">
                  <conditions>
                    <condition number="13" type="jump" coverage="100%" />
                    <condition number="30" type="jump" coverage="100%" />
                  </conditions>
                </line>
                <line number="12" hits="3" branch="False" />
                <line number="13" hits="3" branch="False" />
                <line number="15" hits="31" branch="False" />
                <line number="16" hits="4" branch="False" />
                <line number="17" hits="2" branch="False" />
                <line number="18" hits="5" branch="False" />
              </lines>
            </method>
            <method name="GetTwoSumOptimized" signature="(System.Int32[],System.Int32)" line-rate="1" branch-rate="1" complexity="4">
              <lines>
                <line number="21" hits="5" branch="False" />
                <line number="22" hits="5" branch="False" />
                <line number="23" hits="32" branch="True" condition-coverage="100% (2/2)">
                  <conditions>
                    <condition number="78" type="jump" coverage="100%" />
                  </conditions>
                </line>
                <line number="24" hits="14" branch="False" />
                <line number="25" hits="14" branch="False" />
                <line number="26" hits="14" branch="True" condition-coverage="100% (2/2)">
                  <conditions>
                    <condition number="31" type="jump" coverage="100%" />
                  </conditions>
                </line>
                <line number="27" hits="3" branch="False" />
                <line number="28" hits="3" branch="False" />
                <line number="30" hits="11" branch="False" />
                <line number="31" hits="11" branch="False" />
                <line number="32" hits="2" branch="False" />
                <line number="33" hits="5" branch="False" />
              </lines>
            </method>
            <method name="CheckExists" signature="(System.Int32[],System.Int32)" line-rate="1" branch-rate="1" complexity="6">
              <lines>
                <line number="36" hits="41" branch="False" />
                <line number="37" hits="41" branch="False" />
                <line number="38" hits="358" branch="True" condition-coverage="100% (2/2)">
                  <conditions>
                    <condition number="167" type="jump" coverage="100%" />
                  </conditions>
                </line>
                <line number="39" hits="161" branch="False" />
                <line number="40" hits="1212" branch="True" condition-coverage="100% (2/2)">
                  <conditions>
                    <condition number="144" type="jump" coverage="100%" />
                  </conditions>
                </line>
                <line number="41" hits="468" branch="False" />
                <line number="42" hits="468" branch="True" condition-coverage="100% (2/2)">
                  <conditions>
                    <condition number="115" type="jump" coverage="100%" />
                  </conditions>
                </line>
                <line number="43" hits="23" branch="False" />
                <line number="44" hits="23" branch="False" />
                <line number="46" hits="445" branch="False" />
                <line number="47" hits="138" branch="False" />
                <line number="48" hits="18" branch="False" />
                <line number="49" hits="41" branch="False" />
              </lines>
            </method>
            <method name="CheckExistsHashed" signature="(System.Int32[],System.Int32)" line-rate="1" branch-rate="1" complexity="4">
              <lines>
                <line number="53" hits="38" branch="False" />
                <line number="54" hits="38" branch="False" />
                <line number="55" hits="524" branch="True" condition-coverage="100% (2/2)">
                  <conditions>
                    <condition number="57" type="jump" coverage="100%" />
                  </conditions>
                </line>
                <line number="56" hits="212" branch="False" />
                <line number="57" hits="212" branch="True" condition-coverage="100% (2/2)">
                  <conditions>
                    <condition number="30" type="jump" coverage="100%" />
                  </conditions>
                </line>
                <line number="58" hits="14" branch="False" />
                <line number="59" hits="14" branch="False" />
                <line number="62" hits="198" branch="False" />
                <line number="63" hits="198" branch="False" />
                <line number="64" hits="24" branch="False" />
                <line number="65" hits="38" branch="False" />
              </lines>
            </method>
          </methods>
          <lines>
            <line number="6" hits="5" branch="False" />
            <line number="7" hits="18" branch="True" condition-coverage="100% (2/2)">
              <conditions>
                <condition number="82" type="jump" coverage="100%" />
              </conditions>
            </line>
            <line number="8" hits="7" branch="False" />
            <line number="9" hits="76" branch="True" condition-coverage="100% (2/2)">
              <conditions>
                <condition number="65" type="jump" coverage="100%" />
              </conditions>
            </line>
            <line number="10" hits="34" branch="False" />
            <line number="11" hits="34" branch="True" condition-coverage="100% (4/4)">
              <conditions>
                <condition number="13" type="jump" coverage="100%" />
                <condition number="30" type="jump" coverage="100%" />
              </conditions>
            </line>
            <line number="12" hits="3" branch="False" />
            <line number="13" hits="3" branch="False" />
            <line number="15" hits="31" branch="False" />
            <line number="16" hits="4" branch="False" />
            <line number="17" hits="2" branch="False" />
            <line number="18" hits="5" branch="False" />
            <line number="21" hits="5" branch="False" />
            <line number="22" hits="5" branch="False" />
            <line number="23" hits="32" branch="True" condition-coverage="100% (2/2)">
              <conditions>
                <condition number="78" type="jump" coverage="100%" />
              </conditions>
            </line>
            <line number="24" hits="14" branch="False" />
            <line number="25" hits="14" branch="False" />
            <line number="26" hits="14" branch="True" condition-coverage="100% (2/2)">
              <conditions>
                <condition number="31" type="jump" coverage="100%" />
              </conditions>
            </line>
            <line number="27" hits="3" branch="False" />
            <line number="28" hits="3" branch="False" />
            <line number="30" hits="11" branch="False" />
            <line number="31" hits="11" branch="False" />
            <line number="32" hits="2" branch="False" />
            <line number="33" hits="5" branch="False" />
            <line number="36" hits="41" branch="False" />
            <line number="37" hits="41" branch="False" />
            <line number="38" hits="358" branch="True" condition-coverage="100% (2/2)">
              <conditions>
                <condition number="167" type="jump" coverage="100%" />
              </conditions>
            </line>
            <line number="39" hits="161" branch="False" />
            <line number="40" hits="1212" branch="True" condition-coverage="100% (2/2)">
              <conditions>
                <condition number="144" type="jump" coverage="100%" />
              </conditions>
            </line>
            <line number="41" hits="468" branch="False" />
            <line number="42" hits="468" branch="True" condition-coverage="100% (2/2)">
              <conditions>
                <condition number="115" type="jump" coverage="100%" />
              </conditions>
            </line>
            <line number="43" hits="23" branch="False" />
            <line number="44" hits="23" branch="False" />
            <line number="46" hits="445" branch="False" />
            <line number="47" hits="138" branch="False" />
            <line number="48" hits="18" branch="False" />
            <line number="49" hits="41" branch="False" />
            <line number="53" hits="38" branch="False" />
            <line number="54" hits="38" branch="False" />
            <line number="55" hits="524" branch="True" condition-coverage="100% (2/2)">
              <conditions>
                <condition number="57" type="jump" coverage="100%" />
              </conditions>
            </line>
            <line number="56" hits="212" branch="False" />
            <line number="57" hits="212" branch="True" condition-coverage="100% (2/2)">
              <conditions>
                <condition number="30" type="jump" coverage="100%" />
              </conditions>
            </line>
            <line number="58" hits="14" branch="False" />
            <line number="59" hits="14" branch="False" />
            <line number="62" hits="198" branch="False" />
            <line number="63" hits="198" branch="False" />
            <line number="64" hits="24" branch="False" />
            <line number="65" hits="38" branch="False" />
          </lines>
        </class>
        <class name="hellolib.Weather" filename="Weather.cs" line-rate="1" branch-rate="1" complexity="1">
          <methods>
            <method name=".ctor" signature="(System.Net.Http.HttpClient)" line-rate="1" branch-rate="1" complexity="1">
              <lines>
                <line number="5" hits="5" branch="False" />
                <line number="7" hits="5" branch="False" />
              </lines>
            </method>
          </methods>
          <lines>
            <line number="5" hits="5" branch="False" />
            <line number="7" hits="5" branch="False" />
          </lines>
        </class>
        <class name="hellolib.Weather/&lt;GetCurrentWeatherAsync&gt;d__2" filename="Weather.cs" line-rate="1" branch-rate="1" complexity="2">
          <methods>
            <method name="MoveNext" signature="()" line-rate="1" branch-rate="1" complexity="2">
              <lines>
                <line number="10" hits="5" branch="False" />
                <line number="11" hits="5" branch="False" />
                <line number="13" hits="5" branch="False" />
                <line number="15" hits="5" branch="True" condition-coverage="100% (2/2)">
                  <conditions>
                    <condition number="270" type="jump" coverage="100%" />
                  </conditions>
                </line>
                <line number="16" hits="3" branch="False" />
                <line number="17" hits="3" branch="False" />
                <line number="19" hits="3" branch="False" />
                <line number="21" hits="3" branch="False" />
                <line number="24" hits="2" branch="False" />
                <line number="25" hits="3" branch="False" />
              </lines>
            </method>
          </methods>
          <lines>
            <line number="10" hits="5" branch="False" />
            <line number="11" hits="5" branch="False" />
            <line number="13" hits="5" branch="False" />
            <line number="15" hits="5" branch="True" condition-coverage="100% (2/2)">
              <conditions>
                <condition number="270" type="jump" coverage="100%" />
              </conditions>
            </line>
            <line number="16" hits="3" branch="False" />
            <line number="17" hits="3" branch="False" />
            <line number="19" hits="3" branch="False" />
            <line number="21" hits="3" branch="False" />
            <line number="24" hits="2" branch="False" />
            <line number="25" hits="3" branch="False" />
          </lines>
        </class>
        <class name="hellolib.CurrentWeather" filename="Weather.cs" line-rate="1" branch-rate="1" complexity="4">
          <methods>
            <method name="get_Temperature" signature="()" line-rate="1" branch-rate="1" complexity="1">
              <lines>
                <line number="30" hits="15" branch="False" />
              </lines>
            </method>
            <method name="get_Humidity" signature="()" line-rate="1" branch-rate="1" complexity="1">
              <lines>
                <line number="31" hits="15" branch="False" />
              </lines>
            </method>
            <method name="get_WindSpeed" signature="()" line-rate="1" branch-rate="1" complexity="1">
              <lines>
                <line number="32" hits="15" branch="False" />
              </lines>
            </method>
            <method name="get_WindDirection" signature="()" line-rate="1" branch-rate="1" complexity="1">
              <lines>
                <line number="33" hits="15" branch="False" />
              </lines>
            </method>
          </methods>
          <lines>
            <line number="30" hits="15" branch="False" />
            <line number="31" hits="15" branch="False" />
            <line number="32" hits="15" branch="False" />
            <line number="33" hits="15" branch="False" />
          </lines>
        </class>
        <class name="hellolib.WeatherFetchException" filename="Weather.cs" line-rate="1" branch-rate="1" complexity="1">
          <methods>
            <method name=".ctor" signature="(System.String)" line-rate="1" branch-rate="1" complexity="1">
              <lines>
                <line number="36" hits="2" branch="False" />
              </lines>
            </method>
          </methods>
          <lines>
            <line number="36" hits="2" branch="False" />
          </lines>
        </class>
      </classes>
    </package>
  </packages>
</coverage>